{
  "stats": {
    "suites": 1,
    "tests": 2,
    "passes": 0,
    "pending": 0,
    "failures": 2,
    "start": "2023-07-15T09:37:53.275Z",
    "end": "2023-07-15T09:37:54.206Z",
    "duration": 931,
    "testsRegistered": 2,
    "passPercent": 0,
    "pendingPercent": 0,
    "other": 0,
    "hasOther": false,
    "skipped": 0,
    "hasSkipped": false
  },
  "results": [
    {
      "uuid": "ee4b2c38-0793-44c9-bbae-0317085fbce4",
      "title": "",
      "fullFile": "cypress/integration/pages/3-checkout.cy.ts",
      "file": "cypress/integration/pages/3-checkout.cy.ts",
      "beforeHooks": [],
      "afterHooks": [],
      "tests": [],
      "suites": [
        {
          "uuid": "e681340f-1911-407d-af27-832aa2157bee",
          "title": "Test Suite Sauce Demo - Checkout",
          "fullFile": "",
          "file": "",
          "beforeHooks": [],
          "afterHooks": [],
          "tests": [
            {
              "title": "TC_004 - Positive Test - Checkout",
              "fullTitle": "Test Suite Sauce Demo - Checkout TC_004 - Positive Test - Checkout",
              "timedOut": null,
              "duration": 356,
              "state": "failed",
              "speed": null,
              "pass": false,
              "fail": true,
              "pending": false,
              "context": null,
              "code": "loginPage.login(URL, 'standard_user', 'secret_sauce');\nloginPage.assertLogin();\ndashboardPage.add_SauceLabsBackpack_toCart();\ndashboardPage.add_SauceLabsBikeLight_toCart();\ndashboardPage.add_SauceLabsBoltTShirt_toCart();\ndashboardPage.assert_addedToCart();\ndashboardPage.openCart();\ndashboardPage.assert_openCart();\ndashboardPage.clickCheckout();\ndashboardPage.formCheckout('Dwiky', 'Kurniawan', '55142');\ndashboardPage.clickContinue();\ndashboardPage.assert_Checkout_Overview();\ndashboardPage.clickFinish();\ndashboardPage.assert_finishCheckout();",
              "err": {
                "message": "TypeError: dashboardPage.add_SauceLabsBackpack_toCart is not a function",
                "estack": "TypeError: dashboardPage.add_SauceLabsBackpack_toCart is not a function\n    at Context.eval (http://localhost:60880/__cypress/tests?p=cypress\\integration\\pages\\3-checkout.cy.ts:108:23)",
                "diff": null
              },
              "uuid": "7f5d18ba-d692-4f1b-a795-9366c688f5fd",
              "parentUUID": "e681340f-1911-407d-af27-832aa2157bee",
              "isHook": false,
              "skipped": false
            },
            {
              "title": "TC_005 - Negative Test - Checkout",
              "fullTitle": "Test Suite Sauce Demo - Checkout TC_005 - Negative Test - Checkout",
              "timedOut": null,
              "duration": 379,
              "state": "failed",
              "speed": null,
              "pass": false,
              "fail": true,
              "pending": false,
              "context": null,
              "code": "loginPage.login(URL, 'standard_user', 'secret_sauce');\nloginPage.assertLogin();\ndashboardPage.add_SauceLabsBackpack_toCart();\ndashboardPage.add_SauceLabsBikeLight_toCart();\ndashboardPage.add_SauceLabsBoltTShirt_toCart();\ndashboardPage.assert_addedToCart();\ndashboardPage.openCart();\ndashboardPage.assert_openCart();\ndashboardPage.clickCheckout();\ndashboardPage.formCheckout('{backspace}', 'Kurniawan', '55142');\ndashboardPage.clickContinue();\ndashboardPage.assert_formCheckout_Fail();",
              "err": {
                "message": "TypeError: dashboardPage.add_SauceLabsBackpack_toCart is not a function",
                "estack": "TypeError: dashboardPage.add_SauceLabsBackpack_toCart is not a function\n    at Context.eval (http://localhost:60880/__cypress/tests?p=cypress\\integration\\pages\\3-checkout.cy.ts:124:23)",
                "diff": null
              },
              "uuid": "a92b7eec-90fc-406a-972e-f4eee4ce0833",
              "parentUUID": "e681340f-1911-407d-af27-832aa2157bee",
              "isHook": false,
              "skipped": false
            }
          ],
          "suites": [],
          "passes": [],
          "failures": [
            "7f5d18ba-d692-4f1b-a795-9366c688f5fd",
            "a92b7eec-90fc-406a-972e-f4eee4ce0833"
          ],
          "pending": [],
          "skipped": [],
          "duration": 735,
          "root": false,
          "rootEmpty": false,
          "_timeout": 2000
        }
      ],
      "passes": [],
      "failures": [],
      "pending": [],
      "skipped": [],
      "duration": 0,
      "root": true,
      "rootEmpty": true,
      "_timeout": 2000
    }
  ],
  "meta": {
    "mocha": {
      "version": "7.0.1"
    },
    "mochawesome": {
      "options": {
        "quiet": false,
        "reportFilename": "mochawesome",
        "saveHtml": false,
        "saveJson": true,
        "consoleReporter": "spec",
        "useInlineDiffs": false,
        "code": true
      },
      "version": "7.1.3"
    },
    "marge": {
      "options": {
        "chart": true,
        "overwrite": false,
        "html": false,
        "json": true,
        "reportDir": "cypress/reports"
      },
      "version": "6.2.0"
    }
  }
}