{
  "stats": {
    "suites": 1,
    "tests": 2,
    "passes": 2,
    "pending": 0,
    "failures": 0,
    "start": "2023-07-15T10:02:27.857Z",
    "end": "2023-07-15T10:02:34.033Z",
    "duration": 6176,
    "testsRegistered": 2,
    "passPercent": 100,
    "pendingPercent": 0,
    "other": 0,
    "hasOther": false,
    "skipped": 0,
    "hasSkipped": false
  },
  "results": [
    {
      "uuid": "582c157a-589d-4728-bdbc-9b1419c49c4e",
      "title": "",
      "fullFile": "cypress/integration/pages/1-login.cy.ts",
      "file": "cypress/integration/pages/1-login.cy.ts",
      "beforeHooks": [],
      "afterHooks": [],
      "tests": [],
      "suites": [
        {
          "uuid": "e0963e9d-48f4-46cd-9477-b5381ba80618",
          "title": "Test Suite Sauce Demo - Login",
          "fullFile": "",
          "file": "",
          "beforeHooks": [],
          "afterHooks": [],
          "tests": [
            {
              "title": "TC_001 - Positive Test - Login with valid credential",
              "fullTitle": "Test Suite Sauce Demo - Login TC_001 - Positive Test - Login with valid credential",
              "timedOut": null,
              "duration": 2587,
              "state": "passed",
              "speed": "fast",
              "pass": true,
              "fail": false,
              "pending": false,
              "context": null,
              "code": "loginPage.login(URL, 'standard_user', 'secret_sauce');\nloginPage.assertLogin();",
              "err": {},
              "uuid": "c793b038-ad71-42db-8439-8ccf07b2bf17",
              "parentUUID": "e0963e9d-48f4-46cd-9477-b5381ba80618",
              "isHook": false,
              "skipped": false
            },
            {
              "title": "TC_002 - Negative Test - Login with invalid credential",
              "fullTitle": "Test Suite Sauce Demo - Login TC_002 - Negative Test - Login with invalid credential",
              "timedOut": null,
              "duration": 1176,
              "state": "passed",
              "speed": "fast",
              "pass": true,
              "fail": false,
              "pending": false,
              "context": null,
              "code": "loginPage.login(URL, 'standard_user', 'invalidPass');\nloginPage.assertLoginFail();",
              "err": {},
              "uuid": "a5fc08a9-3119-4527-a031-ff5946c699af",
              "parentUUID": "e0963e9d-48f4-46cd-9477-b5381ba80618",
              "isHook": false,
              "skipped": false
            }
          ],
          "suites": [],
          "passes": [
            "c793b038-ad71-42db-8439-8ccf07b2bf17",
            "a5fc08a9-3119-4527-a031-ff5946c699af"
          ],
          "failures": [],
          "pending": [],
          "skipped": [],
          "duration": 3763,
          "root": false,
          "rootEmpty": false,
          "_timeout": 2000
        }
      ],
      "passes": [],
      "failures": [],
      "pending": [],
      "skipped": [],
      "duration": 0,
      "root": true,
      "rootEmpty": true,
      "_timeout": 2000
    }
  ],
  "meta": {
    "mocha": {
      "version": "7.0.1"
    },
    "mochawesome": {
      "options": {
        "quiet": false,
        "reportFilename": "mochawesome",
        "saveHtml": false,
        "saveJson": true,
        "consoleReporter": "spec",
        "useInlineDiffs": false,
        "code": true
      },
      "version": "7.1.3"
    },
    "marge": {
      "options": {
        "chart": true,
        "overwrite": false,
        "html": false,
        "json": true,
        "reportDir": "cypress/reports"
      },
      "version": "6.2.0"
    }
  }
}