{
  "stats": {
    "suites": 1,
    "tests": 2,
    "passes": 2,
    "pending": 0,
    "failures": 0,
    "start": "2023-07-15T09:52:55.732Z",
    "end": "2023-07-15T09:53:01.857Z",
    "duration": 6125,
    "testsRegistered": 2,
    "passPercent": 100,
    "pendingPercent": 0,
    "other": 0,
    "hasOther": false,
    "skipped": 0,
    "hasSkipped": false
  },
  "results": [
    {
      "uuid": "23326108-5dfa-4cbc-abae-a7b451eca45b",
      "title": "",
      "fullFile": "cypress/integration/pages/1-login.cy.ts",
      "file": "cypress/integration/pages/1-login.cy.ts",
      "beforeHooks": [],
      "afterHooks": [],
      "tests": [],
      "suites": [
        {
          "uuid": "7546e0e0-4ec0-4259-86d2-073aed1d4ac1",
          "title": "Test Suite Sauce Demo - Login",
          "fullFile": "",
          "file": "",
          "beforeHooks": [],
          "afterHooks": [],
          "tests": [
            {
              "title": "TC_001 - Positive Test - Login with valid credential",
              "fullTitle": "Test Suite Sauce Demo - Login TC_001 - Positive Test - Login with valid credential",
              "timedOut": null,
              "duration": 2602,
              "state": "passed",
              "speed": "fast",
              "pass": true,
              "fail": false,
              "pending": false,
              "context": null,
              "code": "loginPage.login(URL, 'standard_user', 'secret_sauce');\nloginPage.assertLogin();",
              "err": {},
              "uuid": "3280eb98-99a8-4789-a9c1-ba70d77dcb49",
              "parentUUID": "7546e0e0-4ec0-4259-86d2-073aed1d4ac1",
              "isHook": false,
              "skipped": false
            },
            {
              "title": "TC_002 - Negative Test - Login with invalid credential",
              "fullTitle": "Test Suite Sauce Demo - Login TC_002 - Negative Test - Login with invalid credential",
              "timedOut": null,
              "duration": 1153,
              "state": "passed",
              "speed": "fast",
              "pass": true,
              "fail": false,
              "pending": false,
              "context": null,
              "code": "loginPage.login(URL, 'standard_user', 'invalidPass');\nloginPage.assertLoginFail();",
              "err": {},
              "uuid": "e63c9c4f-4e38-44e4-a4df-b7aa173813f9",
              "parentUUID": "7546e0e0-4ec0-4259-86d2-073aed1d4ac1",
              "isHook": false,
              "skipped": false
            }
          ],
          "suites": [],
          "passes": [
            "3280eb98-99a8-4789-a9c1-ba70d77dcb49",
            "e63c9c4f-4e38-44e4-a4df-b7aa173813f9"
          ],
          "failures": [],
          "pending": [],
          "skipped": [],
          "duration": 3755,
          "root": false,
          "rootEmpty": false,
          "_timeout": 2000
        }
      ],
      "passes": [],
      "failures": [],
      "pending": [],
      "skipped": [],
      "duration": 0,
      "root": true,
      "rootEmpty": true,
      "_timeout": 2000
    }
  ],
  "meta": {
    "mocha": {
      "version": "7.0.1"
    },
    "mochawesome": {
      "options": {
        "quiet": false,
        "reportFilename": "mochawesome",
        "saveHtml": false,
        "saveJson": true,
        "consoleReporter": "spec",
        "useInlineDiffs": false,
        "code": true
      },
      "version": "7.1.3"
    },
    "marge": {
      "options": {
        "chart": true,
        "overwrite": false,
        "html": false,
        "json": true,
        "reportDir": "cypress/reports"
      },
      "version": "6.2.0"
    }
  }
}