{
  "stats": {
    "suites": 0,
    "tests": 3,
    "passes": 3,
    "pending": 0,
    "failures": 0,
    "start": "2023-07-15T10:00:33.605Z",
    "end": "2023-07-15T10:00:43.642Z",
    "duration": 10037,
    "testsRegistered": 3,
    "passPercent": 100,
    "pendingPercent": 0,
    "other": 0,
    "hasOther": false,
    "skipped": 0,
    "hasSkipped": false
  },
  "results": [
    {
      "uuid": "b8ab5e23-61f8-4ba3-bbfa-6a5f9df0ae75",
      "title": "",
      "fullFile": "cypress/integration/login.ts",
      "file": "cypress/integration/login.ts",
      "beforeHooks": [],
      "afterHooks": [],
      "tests": [
        {
          "title": "Test LOGIN",
          "fullTitle": "Test LOGIN",
          "timedOut": null,
          "duration": 3330,
          "state": "passed",
          "speed": "fast",
          "pass": true,
          "fail": false,
          "pending": false,
          "context": null,
          "code": "loginPage.login(URL, 'standard_user', 'secret_sauce');\nloginPage.assertLogin();",
          "err": {},
          "uuid": "74b8e666-00f9-4de8-bfb2-2d2ce142054b",
          "parentUUID": "b8ab5e23-61f8-4ba3-bbfa-6a5f9df0ae75",
          "isHook": false,
          "skipped": false
        },
        {
          "title": "Test Sauce Demo Invalid Password",
          "fullTitle": "Test Sauce Demo Invalid Password",
          "timedOut": null,
          "duration": 2211,
          "state": "passed",
          "speed": "fast",
          "pass": true,
          "fail": false,
          "pending": false,
          "context": null,
          "code": "loginPage.login(URL, 'standard_user', 'invalidPass');\nloginPage.assertLoginFail();",
          "err": {},
          "uuid": "a13fe318-fd52-48c2-ad65-6ef5e1bad82e",
          "parentUUID": "b8ab5e23-61f8-4ba3-bbfa-6a5f9df0ae75",
          "isHook": false,
          "skipped": false
        },
        {
          "title": "Test Sauce Demo Sauce labs product backpack",
          "fullTitle": "Test Sauce Demo Sauce labs product backpack",
          "timedOut": null,
          "duration": 1618,
          "state": "passed",
          "speed": "fast",
          "pass": true,
          "fail": false,
          "pending": false,
          "context": null,
          "code": "loginPage.login(URL, 'standard_user', 'secret_sauce');\nloginPage.assertLogin();\ndashboardPage.sauceLabsBackpack();",
          "err": {},
          "uuid": "6fde4fb0-7633-4643-b92d-f5e3aef20ce2",
          "parentUUID": "b8ab5e23-61f8-4ba3-bbfa-6a5f9df0ae75",
          "isHook": false,
          "skipped": false
        }
      ],
      "suites": [],
      "passes": [
        "74b8e666-00f9-4de8-bfb2-2d2ce142054b",
        "a13fe318-fd52-48c2-ad65-6ef5e1bad82e",
        "6fde4fb0-7633-4643-b92d-f5e3aef20ce2"
      ],
      "failures": [],
      "pending": [],
      "skipped": [],
      "duration": 7159,
      "root": true,
      "rootEmpty": false,
      "_timeout": 2000
    }
  ],
  "meta": {
    "mocha": {
      "version": "7.0.1"
    },
    "mochawesome": {
      "options": {
        "quiet": false,
        "reportFilename": "mochawesome",
        "saveHtml": false,
        "saveJson": true,
        "consoleReporter": "spec",
        "useInlineDiffs": false,
        "code": true
      },
      "version": "7.1.3"
    },
    "marge": {
      "options": {
        "chart": true,
        "overwrite": false,
        "html": false,
        "json": true,
        "reportDir": "cypress/reports"
      },
      "version": "6.2.0"
    }
  }
}