{
  "stats": {
    "suites": 1,
    "tests": 1,
    "passes": 1,
    "pending": 0,
    "failures": 0,
    "start": "2023-07-15T10:01:06.605Z",
    "end": "2023-07-15T10:01:11.808Z",
    "duration": 5203,
    "testsRegistered": 1,
    "passPercent": 100,
    "pendingPercent": 0,
    "other": 0,
    "hasOther": false,
    "skipped": 0,
    "hasSkipped": false
  },
  "results": [
    {
      "uuid": "8c67a962-b31c-4506-a581-a17c3b6a2f86",
      "title": "",
      "fullFile": "cypress/integration/pages/2-addCart.cy.ts",
      "file": "cypress/integration/pages/2-addCart.cy.ts",
      "beforeHooks": [],
      "afterHooks": [],
      "tests": [],
      "suites": [
        {
          "uuid": "9b9a516f-abfd-43cf-8c83-53beacf61283",
          "title": "Test Suite Sauce Demo - Add Product to Cart",
          "fullFile": "",
          "file": "",
          "beforeHooks": [],
          "afterHooks": [],
          "tests": [
            {
              "title": "TC_003 - Positive Test - Add products to cart",
              "fullTitle": "Test Suite Sauce Demo - Add Product to Cart TC_003 - Positive Test - Add products to cart",
              "timedOut": null,
              "duration": 2613,
              "state": "passed",
              "speed": "fast",
              "pass": true,
              "fail": false,
              "pending": false,
              "context": null,
              "code": "loginPage.login(URL, 'standard_user', 'secret_sauce');",
              "err": {},
              "uuid": "985b340d-e149-4f86-b90f-cc423dd3600d",
              "parentUUID": "9b9a516f-abfd-43cf-8c83-53beacf61283",
              "isHook": false,
              "skipped": false
            }
          ],
          "suites": [],
          "passes": [
            "985b340d-e149-4f86-b90f-cc423dd3600d"
          ],
          "failures": [],
          "pending": [],
          "skipped": [],
          "duration": 2613,
          "root": false,
          "rootEmpty": false,
          "_timeout": 2000
        }
      ],
      "passes": [],
      "failures": [],
      "pending": [],
      "skipped": [],
      "duration": 0,
      "root": true,
      "rootEmpty": true,
      "_timeout": 2000
    }
  ],
  "meta": {
    "mocha": {
      "version": "7.0.1"
    },
    "mochawesome": {
      "options": {
        "quiet": false,
        "reportFilename": "mochawesome",
        "saveHtml": false,
        "saveJson": true,
        "consoleReporter": "spec",
        "useInlineDiffs": false,
        "code": true
      },
      "version": "7.1.3"
    },
    "marge": {
      "options": {
        "chart": true,
        "overwrite": false,
        "html": false,
        "json": true,
        "reportDir": "cypress/reports"
      },
      "version": "6.2.0"
    }
  }
}