{
  "stats": {
    "suites": 1,
    "tests": 2,
    "passes": 2,
    "pending": 0,
    "failures": 0,
    "start": "2023-07-15T09:37:29.223Z",
    "end": "2023-07-15T09:37:35.378Z",
    "duration": 6155,
    "testsRegistered": 2,
    "passPercent": 100,
    "pendingPercent": 0,
    "other": 0,
    "hasOther": false,
    "skipped": 0,
    "hasSkipped": false
  },
  "results": [
    {
      "uuid": "3f46c71e-fcf5-492b-831a-21a5a85737d7",
      "title": "",
      "fullFile": "cypress/integration/pages/1-login.cy.ts",
      "file": "cypress/integration/pages/1-login.cy.ts",
      "beforeHooks": [],
      "afterHooks": [],
      "tests": [],
      "suites": [
        {
          "uuid": "324ee1d3-a393-43fe-9049-412e51c3b596",
          "title": "Test Suite Sauce Demo - Login",
          "fullFile": "",
          "file": "",
          "beforeHooks": [],
          "afterHooks": [],
          "tests": [
            {
              "title": "TC_001 - Positive Test - Login with valid credential",
              "fullTitle": "Test Suite Sauce Demo - Login TC_001 - Positive Test - Login with valid credential",
              "timedOut": null,
              "duration": 2637,
              "state": "passed",
              "speed": "fast",
              "pass": true,
              "fail": false,
              "pending": false,
              "context": null,
              "code": "loginPage.login(URL, 'standard_user', 'secret_sauce');\nloginPage.assertLogin();",
              "err": {},
              "uuid": "55a10f00-31d6-409a-83ed-1e013a497d18",
              "parentUUID": "324ee1d3-a393-43fe-9049-412e51c3b596",
              "isHook": false,
              "skipped": false
            },
            {
              "title": "TC_002 - Negative Test - Login with invalid credential",
              "fullTitle": "Test Suite Sauce Demo - Login TC_002 - Negative Test - Login with invalid credential",
              "timedOut": null,
              "duration": 1207,
              "state": "passed",
              "speed": "fast",
              "pass": true,
              "fail": false,
              "pending": false,
              "context": null,
              "code": "loginPage.login(URL, 'standard_user', 'invalidPass');\nloginPage.assertLoginFail();",
              "err": {},
              "uuid": "efa9a2c9-a627-475e-bd60-02ba92f0fd8e",
              "parentUUID": "324ee1d3-a393-43fe-9049-412e51c3b596",
              "isHook": false,
              "skipped": false
            }
          ],
          "suites": [],
          "passes": [
            "55a10f00-31d6-409a-83ed-1e013a497d18",
            "efa9a2c9-a627-475e-bd60-02ba92f0fd8e"
          ],
          "failures": [],
          "pending": [],
          "skipped": [],
          "duration": 3844,
          "root": false,
          "rootEmpty": false,
          "_timeout": 2000
        }
      ],
      "passes": [],
      "failures": [],
      "pending": [],
      "skipped": [],
      "duration": 0,
      "root": true,
      "rootEmpty": true,
      "_timeout": 2000
    }
  ],
  "meta": {
    "mocha": {
      "version": "7.0.1"
    },
    "mochawesome": {
      "options": {
        "quiet": false,
        "reportFilename": "mochawesome",
        "saveHtml": false,
        "saveJson": true,
        "consoleReporter": "spec",
        "useInlineDiffs": false,
        "code": true
      },
      "version": "7.1.3"
    },
    "marge": {
      "options": {
        "chart": true,
        "overwrite": false,
        "html": false,
        "json": true,
        "reportDir": "cypress/reports"
      },
      "version": "6.2.0"
    }
  }
}