{
  "stats": {
    "suites": 1,
    "tests": 2,
    "passes": 1,
    "pending": 0,
    "failures": 1,
    "start": "2023-07-15T10:01:17.862Z",
    "end": "2023-07-15T10:01:23.099Z",
    "duration": 5237,
    "testsRegistered": 2,
    "passPercent": 50,
    "pendingPercent": 0,
    "other": 0,
    "hasOther": false,
    "skipped": 0,
    "hasSkipped": false
  },
  "results": [
    {
      "uuid": "eb9db42e-5145-4418-b188-2cb93ff824d8",
      "title": "",
      "fullFile": "cypress/integration/pages/3-checkout.cy.ts",
      "file": "cypress/integration/pages/3-checkout.cy.ts",
      "beforeHooks": [],
      "afterHooks": [],
      "tests": [],
      "suites": [
        {
          "uuid": "99f27199-b842-42bd-9e06-d311abb9a406",
          "title": "Test Suite Sauce Demo - Checkout",
          "fullFile": "",
          "file": "",
          "beforeHooks": [],
          "afterHooks": [],
          "tests": [
            {
              "title": "TC_004 - Positive Test - Checkout",
              "fullTitle": "Test Suite Sauce Demo - Checkout TC_004 - Positive Test - Checkout",
              "timedOut": null,
              "duration": 279,
              "state": "failed",
              "speed": null,
              "pass": false,
              "fail": true,
              "pending": false,
              "context": null,
              "code": "loginPage.login(URL, 'standard_user', 'secret_sauce');\nloginPage.assertLogin();\ndashboardPage.assert_finishCheckout();",
              "err": {
                "message": "TypeError: dashboardPage.assert_finishCheckout is not a function",
                "estack": "TypeError: dashboardPage.assert_finishCheckout is not a function\n    at Context.eval (http://localhost:61432/__cypress/tests?p=cypress\\integration\\pages\\3-checkout.cy.ts:108:23)",
                "diff": null
              },
              "uuid": "3c870428-6fc7-4f2c-9831-836bb6def440",
              "parentUUID": "99f27199-b842-42bd-9e06-d311abb9a406",
              "isHook": false,
              "skipped": false
            },
            {
              "title": "TC_005 - Negative Test - Checkout",
              "fullTitle": "Test Suite Sauce Demo - Checkout TC_005 - Negative Test - Checkout",
              "timedOut": null,
              "duration": 2558,
              "state": "passed",
              "speed": "fast",
              "pass": true,
              "fail": false,
              "pending": false,
              "context": null,
              "code": "loginPage.login(URL, 'standard_user', 'secret_sauce');\nloginPage.assertLogin();",
              "err": {},
              "uuid": "afe26c76-18c1-4e37-8c37-51c5472bf217",
              "parentUUID": "99f27199-b842-42bd-9e06-d311abb9a406",
              "isHook": false,
              "skipped": false
            }
          ],
          "suites": [],
          "passes": [
            "afe26c76-18c1-4e37-8c37-51c5472bf217"
          ],
          "failures": [
            "3c870428-6fc7-4f2c-9831-836bb6def440"
          ],
          "pending": [],
          "skipped": [],
          "duration": 2837,
          "root": false,
          "rootEmpty": false,
          "_timeout": 2000
        }
      ],
      "passes": [],
      "failures": [],
      "pending": [],
      "skipped": [],
      "duration": 0,
      "root": true,
      "rootEmpty": true,
      "_timeout": 2000
    }
  ],
  "meta": {
    "mocha": {
      "version": "7.0.1"
    },
    "mochawesome": {
      "options": {
        "quiet": false,
        "reportFilename": "mochawesome",
        "saveHtml": false,
        "saveJson": true,
        "consoleReporter": "spec",
        "useInlineDiffs": false,
        "code": true
      },
      "version": "7.1.3"
    },
    "marge": {
      "options": {
        "chart": true,
        "overwrite": false,
        "html": false,
        "json": true,
        "reportDir": "cypress/reports"
      },
      "version": "6.2.0"
    }
  }
}