{
  "stats": {
    "suites": 1,
    "tests": 2,
    "passes": 0,
    "pending": 0,
    "failures": 2,
    "start": "2023-07-15T09:31:25.775Z",
    "end": "2023-07-15T09:31:26.567Z",
    "duration": 792,
    "testsRegistered": 2,
    "passPercent": 0,
    "pendingPercent": 0,
    "other": 0,
    "hasOther": false,
    "skipped": 0,
    "hasSkipped": false
  },
  "results": [
    {
      "uuid": "4ac711dd-1b41-4f82-9e7a-412c52971e09",
      "title": "",
      "fullFile": "cypress/integration/pages/3-checkout.cy.ts",
      "file": "cypress/integration/pages/3-checkout.cy.ts",
      "beforeHooks": [],
      "afterHooks": [],
      "tests": [],
      "suites": [
        {
          "uuid": "e700b66e-a7a2-43d1-ac00-bc953f7fc9cf",
          "title": "Test Suite Sauce Demo - Checkout",
          "fullFile": "",
          "file": "",
          "beforeHooks": [],
          "afterHooks": [],
          "tests": [
            {
              "title": "TC_004 - Positive Test - Checkout",
              "fullTitle": "Test Suite Sauce Demo - Checkout TC_004 - Positive Test - Checkout",
              "timedOut": null,
              "duration": 302,
              "state": "failed",
              "speed": null,
              "pass": false,
              "fail": true,
              "pending": false,
              "context": null,
              "code": "loginPage.login(URL, 'standard_user', 'secret_sauce');\nloginPage.assertLogin();\ndashboardPage.add_SauceLabsBackpack_toCart();\ndashboardPage.add_SauceLabsBikeLight_toCart();\ndashboardPage.add_SauceLabsBoltTShirt_toCart();\ndashboardPage.assert_addedToCart();\ndashboardPage.openCart();\ndashboardPage.assert_openCart();\ndashboardPage.clickCheckout();\ndashboardPage.formCheckout('Dwiky', 'Kurniawan', '55142');\ndashboardPage.clickContinue();\ndashboardPage.assert_Checkout_Overview();\ndashboardPage.clickFinish();\ndashboardPage.assert_finishCheckout();",
              "err": {
                "message": "TypeError: dashboardPage.add_SauceLabsBackpack_toCart is not a function",
                "estack": "TypeError: dashboardPage.add_SauceLabsBackpack_toCart is not a function\n    at Context.eval (http://localhost:54926/__cypress/tests?p=cypress\\integration\\pages\\3-checkout.cy.ts:108:23)",
                "diff": null
              },
              "uuid": "cbe5b20e-1ebd-4ad9-a7b8-c965048c35ca",
              "parentUUID": "e700b66e-a7a2-43d1-ac00-bc953f7fc9cf",
              "isHook": false,
              "skipped": false
            },
            {
              "title": "TC_005 - Negative Test - Checkout",
              "fullTitle": "Test Suite Sauce Demo - Checkout TC_005 - Negative Test - Checkout",
              "timedOut": null,
              "duration": 321,
              "state": "failed",
              "speed": null,
              "pass": false,
              "fail": true,
              "pending": false,
              "context": null,
              "code": "loginPage.login(URL, 'standard_user', 'secret_sauce');\nloginPage.assertLogin();\ndashboardPage.add_SauceLabsBackpack_toCart();\ndashboardPage.add_SauceLabsBikeLight_toCart();\ndashboardPage.add_SauceLabsBoltTShirt_toCart();\ndashboardPage.assert_addedToCart();\ndashboardPage.openCart();\ndashboardPage.assert_openCart();\ndashboardPage.clickCheckout();\ndashboardPage.formCheckout('{backspace}', 'Kurniawan', '55142');\ndashboardPage.clickContinue();\ndashboardPage.assert_formCheckout_Fail();",
              "err": {
                "message": "TypeError: dashboardPage.add_SauceLabsBackpack_toCart is not a function",
                "estack": "TypeError: dashboardPage.add_SauceLabsBackpack_toCart is not a function\n    at Context.eval (http://localhost:54926/__cypress/tests?p=cypress\\integration\\pages\\3-checkout.cy.ts:124:23)",
                "diff": null
              },
              "uuid": "ad9134d5-7e95-47b0-b1e2-69565cde93e8",
              "parentUUID": "e700b66e-a7a2-43d1-ac00-bc953f7fc9cf",
              "isHook": false,
              "skipped": false
            }
          ],
          "suites": [],
          "passes": [],
          "failures": [
            "cbe5b20e-1ebd-4ad9-a7b8-c965048c35ca",
            "ad9134d5-7e95-47b0-b1e2-69565cde93e8"
          ],
          "pending": [],
          "skipped": [],
          "duration": 623,
          "root": false,
          "rootEmpty": false,
          "_timeout": 2000
        }
      ],
      "passes": [],
      "failures": [],
      "pending": [],
      "skipped": [],
      "duration": 0,
      "root": true,
      "rootEmpty": true,
      "_timeout": 2000
    }
  ],
  "meta": {
    "mocha": {
      "version": "7.0.1"
    },
    "mochawesome": {
      "options": {
        "quiet": false,
        "reportFilename": "mochawesome",
        "saveHtml": false,
        "saveJson": true,
        "consoleReporter": "spec",
        "useInlineDiffs": false,
        "code": true
      },
      "version": "7.1.3"
    },
    "marge": {
      "options": {
        "chart": true,
        "overwrite": false,
        "html": false,
        "json": true,
        "reportDir": "cypress/reports"
      },
      "version": "6.2.0"
    }
  }
}