{
  "stats": {
    "suites": 1,
    "tests": 2,
    "passes": 0,
    "pending": 0,
    "failures": 2,
    "start": "2023-07-15T09:34:43.777Z",
    "end": "2023-07-15T09:34:44.785Z",
    "duration": 1008,
    "testsRegistered": 2,
    "passPercent": 0,
    "pendingPercent": 0,
    "other": 0,
    "hasOther": false,
    "skipped": 0,
    "hasSkipped": false
  },
  "results": [
    {
      "uuid": "6b669b2a-da9d-443c-b20f-5016ad824a08",
      "title": "",
      "fullFile": "cypress/integration/pages/3-checkout.cy.ts",
      "file": "cypress/integration/pages/3-checkout.cy.ts",
      "beforeHooks": [],
      "afterHooks": [],
      "tests": [],
      "suites": [
        {
          "uuid": "bcb77ebe-b13c-469d-843e-15032bdca411",
          "title": "Test Suite Sauce Demo - Checkout",
          "fullFile": "",
          "file": "",
          "beforeHooks": [],
          "afterHooks": [],
          "tests": [
            {
              "title": "TC_004 - Positive Test - Checkout",
              "fullTitle": "Test Suite Sauce Demo - Checkout TC_004 - Positive Test - Checkout",
              "timedOut": null,
              "duration": 405,
              "state": "failed",
              "speed": null,
              "pass": false,
              "fail": true,
              "pending": false,
              "context": null,
              "code": "loginPage.login(URL, 'standard_user', 'secret_sauce');\nloginPage.assertLogin();\ndashboardPage.add_SauceLabsBackpack_toCart();\ndashboardPage.add_SauceLabsBikeLight_toCart();\ndashboardPage.add_SauceLabsBoltTShirt_toCart();\ndashboardPage.assert_addedToCart();\ndashboardPage.openCart();\ndashboardPage.assert_openCart();\ndashboardPage.clickCheckout();\ndashboardPage.formCheckout('Dwiky', 'Kurniawan', '55142');\ndashboardPage.clickContinue();\ndashboardPage.assert_Checkout_Overview();\ndashboardPage.clickFinish();\ndashboardPage.assert_finishCheckout();",
              "err": {
                "message": "TypeError: dashboardPage.add_SauceLabsBackpack_toCart is not a function",
                "estack": "TypeError: dashboardPage.add_SauceLabsBackpack_toCart is not a function\n    at Context.eval (http://localhost:61369/__cypress/tests?p=cypress\\integration\\pages\\3-checkout.cy.ts:108:23)",
                "diff": null
              },
              "uuid": "b3f3642c-9221-4c5e-885c-d33d02f778ba",
              "parentUUID": "bcb77ebe-b13c-469d-843e-15032bdca411",
              "isHook": false,
              "skipped": false
            },
            {
              "title": "TC_005 - Negative Test - Checkout",
              "fullTitle": "Test Suite Sauce Demo - Checkout TC_005 - Negative Test - Checkout",
              "timedOut": null,
              "duration": 351,
              "state": "failed",
              "speed": null,
              "pass": false,
              "fail": true,
              "pending": false,
              "context": null,
              "code": "loginPage.login(URL, 'standard_user', 'secret_sauce');\nloginPage.assertLogin();\ndashboardPage.add_SauceLabsBackpack_toCart();\ndashboardPage.add_SauceLabsBikeLight_toCart();\ndashboardPage.add_SauceLabsBoltTShirt_toCart();\ndashboardPage.assert_addedToCart();\ndashboardPage.openCart();\ndashboardPage.assert_openCart();\ndashboardPage.clickCheckout();\ndashboardPage.formCheckout('{backspace}', 'Kurniawan', '55142');\ndashboardPage.clickContinue();\ndashboardPage.assert_formCheckout_Fail();",
              "err": {
                "message": "TypeError: dashboardPage.add_SauceLabsBackpack_toCart is not a function",
                "estack": "TypeError: dashboardPage.add_SauceLabsBackpack_toCart is not a function\n    at Context.eval (http://localhost:61369/__cypress/tests?p=cypress\\integration\\pages\\3-checkout.cy.ts:124:23)",
                "diff": null
              },
              "uuid": "6aeabd93-ceef-4911-be78-37ef6a6e0a4d",
              "parentUUID": "bcb77ebe-b13c-469d-843e-15032bdca411",
              "isHook": false,
              "skipped": false
            }
          ],
          "suites": [],
          "passes": [],
          "failures": [
            "b3f3642c-9221-4c5e-885c-d33d02f778ba",
            "6aeabd93-ceef-4911-be78-37ef6a6e0a4d"
          ],
          "pending": [],
          "skipped": [],
          "duration": 756,
          "root": false,
          "rootEmpty": false,
          "_timeout": 2000
        }
      ],
      "passes": [],
      "failures": [],
      "pending": [],
      "skipped": [],
      "duration": 0,
      "root": true,
      "rootEmpty": true,
      "_timeout": 2000
    }
  ],
  "meta": {
    "mocha": {
      "version": "7.0.1"
    },
    "mochawesome": {
      "options": {
        "quiet": false,
        "reportFilename": "mochawesome",
        "saveHtml": false,
        "saveJson": true,
        "consoleReporter": "spec",
        "useInlineDiffs": false,
        "code": true
      },
      "version": "7.1.3"
    },
    "marge": {
      "options": {
        "chart": true,
        "overwrite": false,
        "html": false,
        "json": true,
        "reportDir": "cypress/reports"
      },
      "version": "6.2.0"
    }
  }
}