{
  "stats": {
    "suites": 1,
    "tests": 2,
    "passes": 1,
    "pending": 0,
    "failures": 1,
    "start": "2023-07-15T09:27:53.456Z",
    "end": "2023-07-15T09:28:05.165Z",
    "duration": 11709,
    "testsRegistered": 2,
    "passPercent": 50,
    "pendingPercent": 0,
    "other": 0,
    "hasOther": false,
    "skipped": 0,
    "hasSkipped": false
  },
  "results": [
    {
      "uuid": "7531b67a-6bc0-4853-80d2-3082b66154cf",
      "title": "",
      "fullFile": "cypress/integration/pages/1-login.cy.ts",
      "file": "cypress/integration/pages/1-login.cy.ts",
      "beforeHooks": [],
      "afterHooks": [],
      "tests": [],
      "suites": [
        {
          "uuid": "14c1ddba-15bc-4f9d-877a-22f757436a65",
          "title": "Test Suite Sauce Demo - Login",
          "fullFile": "",
          "file": "",
          "beforeHooks": [],
          "afterHooks": [],
          "tests": [
            {
              "title": "TC_001 - Positive Test - Login with valid credential",
              "fullTitle": "Test Suite Sauce Demo - Login TC_001 - Positive Test - Login with valid credential",
              "timedOut": null,
              "duration": 7106,
              "state": "failed",
              "speed": null,
              "pass": false,
              "fail": true,
              "pending": false,
              "context": null,
              "code": "loginPage.login(URL, 'standard_user', 'secret_sauce');\nloginPage.assertLogin();",
              "err": {
                "message": "AssertionError: Timed out retrying after 4000ms: Expected to find element: `.peek`, but never found it.",
                "estack": "AssertionError: Timed out retrying after 4000ms: Expected to find element: `.peek`, but never found it.\n    at LoginPage.assertLogin (https://www.saucedemo.com/__cypress/tests?p=cypress\\integration\\pages\\1-login.cy.ts:147:25)\n    at Context.eval (https://www.saucedemo.com/__cypress/tests?p=cypress\\integration\\pages\\1-login.cy.ts:105:19)",
                "diff": null
              },
              "uuid": "2a6ee896-8dca-4e8f-be35-bbbd0fe2a8f7",
              "parentUUID": "14c1ddba-15bc-4f9d-877a-22f757436a65",
              "isHook": false,
              "skipped": false
            },
            {
              "title": "TC_002 - Negative Test - Login with invalid credential",
              "fullTitle": "Test Suite Sauce Demo - Login TC_002 - Negative Test - Login with invalid credential",
              "timedOut": null,
              "duration": 1713,
              "state": "passed",
              "speed": "fast",
              "pass": true,
              "fail": false,
              "pending": false,
              "context": null,
              "code": "loginPage.login(URL, 'standard_user', 'invalidPass');\nloginPage.assertLoginFail();",
              "err": {},
              "uuid": "4d1eacf5-9eec-45ec-a272-6afd54967f69",
              "parentUUID": "14c1ddba-15bc-4f9d-877a-22f757436a65",
              "isHook": false,
              "skipped": false
            }
          ],
          "suites": [],
          "passes": [
            "4d1eacf5-9eec-45ec-a272-6afd54967f69"
          ],
          "failures": [
            "2a6ee896-8dca-4e8f-be35-bbbd0fe2a8f7"
          ],
          "pending": [],
          "skipped": [],
          "duration": 8819,
          "root": false,
          "rootEmpty": false,
          "_timeout": 2000
        }
      ],
      "passes": [],
      "failures": [],
      "pending": [],
      "skipped": [],
      "duration": 0,
      "root": true,
      "rootEmpty": true,
      "_timeout": 2000
    }
  ],
  "meta": {
    "mocha": {
      "version": "7.0.1"
    },
    "mochawesome": {
      "options": {
        "quiet": false,
        "reportFilename": "mochawesome",
        "saveHtml": false,
        "saveJson": true,
        "consoleReporter": "spec",
        "useInlineDiffs": false,
        "code": true
      },
      "version": "7.1.3"
    },
    "marge": {
      "options": {
        "chart": true,
        "overwrite": false,
        "html": false,
        "json": true,
        "reportDir": "cypress/reports"
      },
      "version": "6.2.0"
    }
  }
}