{
  "stats": {
    "suites": 1,
    "tests": 2,
    "passes": 0,
    "pending": 0,
    "failures": 2,
    "start": "2023-07-15T09:51:27.816Z",
    "end": "2023-07-15T09:51:28.609Z",
    "duration": 793,
    "testsRegistered": 2,
    "passPercent": 0,
    "pendingPercent": 0,
    "other": 0,
    "hasOther": false,
    "skipped": 0,
    "hasSkipped": false
  },
  "results": [
    {
      "uuid": "bed6cb3b-ee26-44be-b43f-1dc6e97803f1",
      "title": "",
      "fullFile": "cypress/integration/pages/3-checkout.cy.ts",
      "file": "cypress/integration/pages/3-checkout.cy.ts",
      "beforeHooks": [],
      "afterHooks": [],
      "tests": [],
      "suites": [
        {
          "uuid": "ccdf8e3d-f630-44a2-9a24-ea8817bb6840",
          "title": "Test Suite Sauce Demo - Checkout",
          "fullFile": "",
          "file": "",
          "beforeHooks": [],
          "afterHooks": [],
          "tests": [
            {
              "title": "TC_004 - Positive Test - Checkout",
              "fullTitle": "Test Suite Sauce Demo - Checkout TC_004 - Positive Test - Checkout",
              "timedOut": null,
              "duration": 291,
              "state": "failed",
              "speed": null,
              "pass": false,
              "fail": true,
              "pending": false,
              "context": null,
              "code": "loginPage.login(URL, 'standard_user', 'secret_sauce');\nloginPage.assertLogin();\ndashboardPage.clickContinue();\ndashboardPage.assert_Checkout_Overview();\ndashboardPage.clickFinish();\ndashboardPage.assert_finishCheckout();",
              "err": {
                "message": "TypeError: dashboardPage.clickContinue is not a function",
                "estack": "TypeError: dashboardPage.clickContinue is not a function\n    at Context.eval (http://localhost:59179/__cypress/tests?p=cypress\\integration\\pages\\3-checkout.cy.ts:108:23)",
                "diff": null
              },
              "uuid": "f7104014-92e3-43bd-88b8-235ac860c6bb",
              "parentUUID": "ccdf8e3d-f630-44a2-9a24-ea8817bb6840",
              "isHook": false,
              "skipped": false
            },
            {
              "title": "TC_005 - Negative Test - Checkout",
              "fullTitle": "Test Suite Sauce Demo - Checkout TC_005 - Negative Test - Checkout",
              "timedOut": null,
              "duration": 309,
              "state": "failed",
              "speed": null,
              "pass": false,
              "fail": true,
              "pending": false,
              "context": null,
              "code": "loginPage.login(URL, 'standard_user', 'secret_sauce');\nloginPage.assertLogin();\ndashboardPage.clickContinue();\ndashboardPage.assert_formCheckout_Fail();",
              "err": {
                "message": "TypeError: dashboardPage.clickContinue is not a function",
                "estack": "TypeError: dashboardPage.clickContinue is not a function\n    at Context.eval (http://localhost:59179/__cypress/tests?p=cypress\\integration\\pages\\3-checkout.cy.ts:116:23)",
                "diff": null
              },
              "uuid": "0ce9a02a-314f-4663-be1f-09f5936ab1d7",
              "parentUUID": "ccdf8e3d-f630-44a2-9a24-ea8817bb6840",
              "isHook": false,
              "skipped": false
            }
          ],
          "suites": [],
          "passes": [],
          "failures": [
            "f7104014-92e3-43bd-88b8-235ac860c6bb",
            "0ce9a02a-314f-4663-be1f-09f5936ab1d7"
          ],
          "pending": [],
          "skipped": [],
          "duration": 600,
          "root": false,
          "rootEmpty": false,
          "_timeout": 2000
        }
      ],
      "passes": [],
      "failures": [],
      "pending": [],
      "skipped": [],
      "duration": 0,
      "root": true,
      "rootEmpty": true,
      "_timeout": 2000
    }
  ],
  "meta": {
    "mocha": {
      "version": "7.0.1"
    },
    "mochawesome": {
      "options": {
        "quiet": false,
        "reportFilename": "mochawesome",
        "saveHtml": false,
        "saveJson": true,
        "consoleReporter": "spec",
        "useInlineDiffs": false,
        "code": true
      },
      "version": "7.1.3"
    },
    "marge": {
      "options": {
        "chart": true,
        "overwrite": false,
        "html": false,
        "json": true,
        "reportDir": "cypress/reports"
      },
      "version": "6.2.0"
    }
  }
}