{
  "stats": {
    "suites": 1,
    "tests": 1,
    "passes": 0,
    "pending": 0,
    "failures": 1,
    "start": "2023-07-15T09:34:39.327Z",
    "end": "2023-07-15T09:34:39.807Z",
    "duration": 480,
    "testsRegistered": 1,
    "passPercent": 0,
    "pendingPercent": 0,
    "other": 0,
    "hasOther": false,
    "skipped": 0,
    "hasSkipped": false
  },
  "results": [
    {
      "uuid": "00721935-bd80-4892-973a-54dfe44c95e2",
      "title": "",
      "fullFile": "cypress/integration/pages/2-addCart.cy.ts",
      "file": "cypress/integration/pages/2-addCart.cy.ts",
      "beforeHooks": [],
      "afterHooks": [],
      "tests": [],
      "suites": [
        {
          "uuid": "b466f21b-4231-4bfc-9d82-5b78c482cd85",
          "title": "Test Suite Sauce Demo - Add Product to Cart",
          "fullFile": "",
          "file": "",
          "beforeHooks": [],
          "afterHooks": [],
          "tests": [
            {
              "title": "TC_003 - Positive Test - Add products to cart",
              "fullTitle": "Test Suite Sauce Demo - Add Product to Cart TC_003 - Positive Test - Add products to cart",
              "timedOut": null,
              "duration": 340,
              "state": "failed",
              "speed": null,
              "pass": false,
              "fail": true,
              "pending": false,
              "context": null,
              "code": "loginPage.login(URL, 'standard_user', 'secret_sauce');\ndashboardPage.add_SauceLabsBikeLight_toCart();\ndashboardPage.add_SauceLabsBoltTShirt_toCart();\ndashboardPage.assert_addedToCart();\ndashboardPage.openCart();\ndashboardPage.assert_openCart();",
              "err": {
                "message": "TypeError: dashboardPage.add_SauceLabsBikeLight_toCart is not a function",
                "estack": "TypeError: dashboardPage.add_SauceLabsBikeLight_toCart is not a function\n    at Context.eval (http://localhost:61369/__cypress/tests?p=cypress\\integration\\pages\\2-addCart.cy.ts:107:23)",
                "diff": null
              },
              "uuid": "7a2d545e-21a9-4d71-b8c5-a6830a39a001",
              "parentUUID": "b466f21b-4231-4bfc-9d82-5b78c482cd85",
              "isHook": false,
              "skipped": false
            }
          ],
          "suites": [],
          "passes": [],
          "failures": [
            "7a2d545e-21a9-4d71-b8c5-a6830a39a001"
          ],
          "pending": [],
          "skipped": [],
          "duration": 340,
          "root": false,
          "rootEmpty": false,
          "_timeout": 2000
        }
      ],
      "passes": [],
      "failures": [],
      "pending": [],
      "skipped": [],
      "duration": 0,
      "root": true,
      "rootEmpty": true,
      "_timeout": 2000
    }
  ],
  "meta": {
    "mocha": {
      "version": "7.0.1"
    },
    "mochawesome": {
      "options": {
        "quiet": false,
        "reportFilename": "mochawesome",
        "saveHtml": false,
        "saveJson": true,
        "consoleReporter": "spec",
        "useInlineDiffs": false,
        "code": true
      },
      "version": "7.1.3"
    },
    "marge": {
      "options": {
        "chart": true,
        "overwrite": false,
        "html": false,
        "json": true,
        "reportDir": "cypress/reports"
      },
      "version": "6.2.0"
    }
  }
}