{
  "stats": {
    "suites": 1,
    "tests": 2,
    "passes": 1,
    "pending": 0,
    "failures": 1,
    "start": "2023-07-15T09:55:32.725Z",
    "end": "2023-07-15T09:55:38.311Z",
    "duration": 5586,
    "testsRegistered": 2,
    "passPercent": 50,
    "pendingPercent": 0,
    "other": 0,
    "hasOther": false,
    "skipped": 0,
    "hasSkipped": false
  },
  "results": [
    {
      "uuid": "d586d2da-f0ec-4e87-b2e5-a75ea44c2b4b",
      "title": "",
      "fullFile": "cypress/integration/pages/3-checkout.cy.ts",
      "file": "cypress/integration/pages/3-checkout.cy.ts",
      "beforeHooks": [],
      "afterHooks": [],
      "tests": [],
      "suites": [
        {
          "uuid": "f2622e13-13b9-466d-a5a8-3f1a7cf00b05",
          "title": "Test Suite Sauce Demo - Checkout",
          "fullFile": "",
          "file": "",
          "beforeHooks": [],
          "afterHooks": [],
          "tests": [
            {
              "title": "TC_004 - Positive Test - Checkout",
              "fullTitle": "Test Suite Sauce Demo - Checkout TC_004 - Positive Test - Checkout",
              "timedOut": null,
              "duration": 381,
              "state": "failed",
              "speed": null,
              "pass": false,
              "fail": true,
              "pending": false,
              "context": null,
              "code": "loginPage.login(URL, 'standard_user', 'secret_sauce');\nloginPage.assertLogin();\ndashboardPage.clickFinish();\ndashboardPage.assert_finishCheckout();",
              "err": {
                "message": "TypeError: dashboardPage.clickFinish is not a function",
                "estack": "TypeError: dashboardPage.clickFinish is not a function\n    at Context.eval (http://localhost:61037/__cypress/tests?p=cypress\\integration\\pages\\3-checkout.cy.ts:108:23)",
                "diff": null
              },
              "uuid": "22c1d65c-fb06-44c9-8b88-f65f3b730a90",
              "parentUUID": "f2622e13-13b9-466d-a5a8-3f1a7cf00b05",
              "isHook": false,
              "skipped": false
            },
            {
              "title": "TC_005 - Negative Test - Checkout",
              "fullTitle": "Test Suite Sauce Demo - Checkout TC_005 - Negative Test - Checkout",
              "timedOut": null,
              "duration": 2567,
              "state": "passed",
              "speed": "fast",
              "pass": true,
              "fail": false,
              "pending": false,
              "context": null,
              "code": "loginPage.login(URL, 'standard_user', 'secret_sauce');\nloginPage.assertLogin();",
              "err": {},
              "uuid": "5d134c45-5f6e-44b8-85d3-2d474f6d63da",
              "parentUUID": "f2622e13-13b9-466d-a5a8-3f1a7cf00b05",
              "isHook": false,
              "skipped": false
            }
          ],
          "suites": [],
          "passes": [
            "5d134c45-5f6e-44b8-85d3-2d474f6d63da"
          ],
          "failures": [
            "22c1d65c-fb06-44c9-8b88-f65f3b730a90"
          ],
          "pending": [],
          "skipped": [],
          "duration": 2948,
          "root": false,
          "rootEmpty": false,
          "_timeout": 2000
        }
      ],
      "passes": [],
      "failures": [],
      "pending": [],
      "skipped": [],
      "duration": 0,
      "root": true,
      "rootEmpty": true,
      "_timeout": 2000
    }
  ],
  "meta": {
    "mocha": {
      "version": "7.0.1"
    },
    "mochawesome": {
      "options": {
        "quiet": false,
        "reportFilename": "mochawesome",
        "saveHtml": false,
        "saveJson": true,
        "consoleReporter": "spec",
        "useInlineDiffs": false,
        "code": true
      },
      "version": "7.1.3"
    },
    "marge": {
      "options": {
        "chart": true,
        "overwrite": false,
        "html": false,
        "json": true,
        "reportDir": "cypress/reports"
      },
      "version": "6.2.0"
    }
  }
}