{
  "stats": {
    "suites": 1,
    "tests": 2,
    "passes": 0,
    "pending": 0,
    "failures": 2,
    "start": "2023-07-15T09:49:37.483Z",
    "end": "2023-07-15T09:49:38.542Z",
    "duration": 1059,
    "testsRegistered": 2,
    "passPercent": 0,
    "pendingPercent": 0,
    "other": 0,
    "hasOther": false,
    "skipped": 0,
    "hasSkipped": false
  },
  "results": [
    {
      "uuid": "f08538a2-a356-4e34-a74d-51e17f18191d",
      "title": "",
      "fullFile": "cypress/integration/pages/3-checkout.cy.ts",
      "file": "cypress/integration/pages/3-checkout.cy.ts",
      "beforeHooks": [],
      "afterHooks": [],
      "tests": [],
      "suites": [
        {
          "uuid": "f4a34eac-0006-4073-aa5d-b18702ca2ca8",
          "title": "Test Suite Sauce Demo - Checkout",
          "fullFile": "",
          "file": "",
          "beforeHooks": [],
          "afterHooks": [],
          "tests": [
            {
              "title": "TC_004 - Positive Test - Checkout",
              "fullTitle": "Test Suite Sauce Demo - Checkout TC_004 - Positive Test - Checkout",
              "timedOut": null,
              "duration": 363,
              "state": "failed",
              "speed": null,
              "pass": false,
              "fail": true,
              "pending": false,
              "context": null,
              "code": "loginPage.login(URL, 'standard_user', 'secret_sauce');\nloginPage.assertLogin();\ndashboardPage.formCheckout('Dwiky', 'Kurniawan', '55142');\ndashboardPage.clickContinue();\ndashboardPage.assert_Checkout_Overview();\ndashboardPage.clickFinish();\ndashboardPage.assert_finishCheckout();",
              "err": {
                "message": "TypeError: dashboardPage.formCheckout is not a function",
                "estack": "TypeError: dashboardPage.formCheckout is not a function\n    at Context.eval (http://localhost:63572/__cypress/tests?p=cypress\\integration\\pages\\3-checkout.cy.ts:108:23)",
                "diff": null
              },
              "uuid": "dea6c001-7926-48b5-bf0a-a01afe42b0c5",
              "parentUUID": "f4a34eac-0006-4073-aa5d-b18702ca2ca8",
              "isHook": false,
              "skipped": false
            },
            {
              "title": "TC_005 - Negative Test - Checkout",
              "fullTitle": "Test Suite Sauce Demo - Checkout TC_005 - Negative Test - Checkout",
              "timedOut": null,
              "duration": 408,
              "state": "failed",
              "speed": null,
              "pass": false,
              "fail": true,
              "pending": false,
              "context": null,
              "code": "loginPage.login(URL, 'standard_user', 'secret_sauce');\nloginPage.assertLogin();\ndashboardPage.formCheckout('{backspace}', 'Kurniawan', '55142');\ndashboardPage.clickContinue();\ndashboardPage.assert_formCheckout_Fail();",
              "err": {
                "message": "TypeError: dashboardPage.formCheckout is not a function",
                "estack": "TypeError: dashboardPage.formCheckout is not a function\n    at Context.eval (http://localhost:63572/__cypress/tests?p=cypress\\integration\\pages\\3-checkout.cy.ts:117:23)",
                "diff": null
              },
              "uuid": "a19fcfd5-76c9-4bd7-8c3f-c18a8a397b76",
              "parentUUID": "f4a34eac-0006-4073-aa5d-b18702ca2ca8",
              "isHook": false,
              "skipped": false
            }
          ],
          "suites": [],
          "passes": [],
          "failures": [
            "dea6c001-7926-48b5-bf0a-a01afe42b0c5",
            "a19fcfd5-76c9-4bd7-8c3f-c18a8a397b76"
          ],
          "pending": [],
          "skipped": [],
          "duration": 771,
          "root": false,
          "rootEmpty": false,
          "_timeout": 2000
        }
      ],
      "passes": [],
      "failures": [],
      "pending": [],
      "skipped": [],
      "duration": 0,
      "root": true,
      "rootEmpty": true,
      "_timeout": 2000
    }
  ],
  "meta": {
    "mocha": {
      "version": "7.0.1"
    },
    "mochawesome": {
      "options": {
        "quiet": false,
        "reportFilename": "mochawesome",
        "saveHtml": false,
        "saveJson": true,
        "consoleReporter": "spec",
        "useInlineDiffs": false,
        "code": true
      },
      "version": "7.1.3"
    },
    "marge": {
      "options": {
        "chart": true,
        "overwrite": false,
        "html": false,
        "json": true,
        "reportDir": "cypress/reports"
      },
      "version": "6.2.0"
    }
  }
}